DEBUG - 2025-01-09 01:35:07 --> Session: Class initialized using 'CodeIgniter\Session\Handlers\FileHandler' driver.
DEBUG - 2025-01-09 01:35:11 --> Session: Class initialized using 'CodeIgniter\Session\Handlers\FileHandler' driver.
DEBUG - 2025-01-09 01:35:11 --> Session: Class initialized using 'CodeIgniter\Session\Handlers\FileHandler' driver.
DEBUG - 2025-01-09 01:35:27 --> Session: Class initialized using 'CodeIgniter\Session\Handlers\FileHandler' driver.
DEBUG - 2025-01-09 01:35:28 --> Session: Class initialized using 'CodeIgniter\Session\Handlers\FileHandler' driver.
DEBUG - 2025-01-09 01:35:28 --> Session: Class initialized using 'CodeIgniter\Session\Handlers\FileHandler' driver.
DEBUG - 2025-01-09 01:35:28 --> Session: Class initialized using 'CodeIgniter\Session\Handlers\FileHandler' driver.
DEBUG - 2025-01-09 01:35:29 --> Session: Class initialized using 'CodeIgniter\Session\Handlers\FileHandler' driver.
DEBUG - 2025-01-09 01:35:29 --> Session: Class initialized using 'CodeIgniter\Session\Handlers\FileHandler' driver.
DEBUG - 2025-01-09 01:35:30 --> Session: Class initialized using 'CodeIgniter\Session\Handlers\FileHandler' driver.
DEBUG - 2025-01-09 01:35:30 --> Session: Class initialized using 'CodeIgniter\Session\Handlers\FileHandler' driver.
DEBUG - 2025-01-09 01:35:30 --> Session: Class initialized using 'CodeIgniter\Session\Handlers\FileHandler' driver.
DEBUG - 2025-01-09 01:35:31 --> Session: Class initialized using 'CodeIgniter\Session\Handlers\FileHandler' driver.
DEBUG - 2025-01-09 01:36:32 --> Session: Class initialized using 'CodeIgniter\Session\Handlers\FileHandler' driver.
DEBUG - 2025-01-09 01:36:35 --> Session: Class initialized using 'CodeIgniter\Session\Handlers\FileHandler' driver.
DEBUG - 2025-01-09 01:36:35 --> Session: Class initialized using 'CodeIgniter\Session\Handlers\FileHandler' driver.
DEBUG - 2025-01-09 01:37:57 --> Session: Class initialized using 'CodeIgniter\Session\Handlers\FileHandler' driver.
DEBUG - 2025-01-09 01:40:05 --> Session: Class initialized using 'CodeIgniter\Session\Handlers\FileHandler' driver.
DEBUG - 2025-01-09 01:40:06 --> Session: Class initialized using 'CodeIgniter\Session\Handlers\FileHandler' driver.
DEBUG - 2025-01-09 01:40:09 --> Session: Class initialized using 'CodeIgniter\Session\Handlers\FileHandler' driver.
DEBUG - 2025-01-09 01:40:09 --> Session: Class initialized using 'CodeIgniter\Session\Handlers\FileHandler' driver.
DEBUG - 2025-01-09 01:41:42 --> Session: Class initialized using 'CodeIgniter\Session\Handlers\FileHandler' driver.
DEBUG - 2025-01-09 01:41:42 --> Session: Class initialized using 'CodeIgniter\Session\Handlers\FileHandler' driver.
DEBUG - 2025-01-09 01:41:43 --> Session: Class initialized using 'CodeIgniter\Session\Handlers\FileHandler' driver.
DEBUG - 2025-01-09 01:41:52 --> Session: Class initialized using 'CodeIgniter\Session\Handlers\FileHandler' driver.
DEBUG - 2025-01-09 01:41:56 --> Session: Class initialized using 'CodeIgniter\Session\Handlers\FileHandler' driver.
DEBUG - 2025-01-09 01:41:56 --> Session: Class initialized using 'CodeIgniter\Session\Handlers\FileHandler' driver.
DEBUG - 2025-01-09 01:42:36 --> Session: Class initialized using 'CodeIgniter\Session\Handlers\FileHandler' driver.
DEBUG - 2025-01-09 01:42:39 --> Session: Class initialized using 'CodeIgniter\Session\Handlers\FileHandler' driver.
DEBUG - 2025-01-09 01:42:39 --> Session: Class initialized using 'CodeIgniter\Session\Handlers\FileHandler' driver.
DEBUG - 2025-01-09 01:44:59 --> Session: Class initialized using 'CodeIgniter\Session\Handlers\FileHandler' driver.
DEBUG - 2025-01-09 01:44:59 --> Session: Class initialized using 'CodeIgniter\Session\Handlers\FileHandler' driver.
DEBUG - 2025-01-09 01:48:20 --> Session: Class initialized using 'CodeIgniter\Session\Handlers\FileHandler' driver.
DEBUG - 2025-01-09 01:48:25 --> Session: Class initialized using 'CodeIgniter\Session\Handlers\FileHandler' driver.
DEBUG - 2025-01-09 01:48:25 --> Session: Class initialized using 'CodeIgniter\Session\Handlers\FileHandler' driver.
DEBUG - 2025-01-09 01:52:05 --> Session: Class initialized using 'CodeIgniter\Session\Handlers\FileHandler' driver.
DEBUG - 2025-01-09 01:52:08 --> Session: Class initialized using 'CodeIgniter\Session\Handlers\FileHandler' driver.
DEBUG - 2025-01-09 01:52:08 --> Session: Class initialized using 'CodeIgniter\Session\Handlers\FileHandler' driver.
DEBUG - 2025-01-09 01:56:59 --> Session: Class initialized using 'CodeIgniter\Session\Handlers\FileHandler' driver.
DEBUG - 2025-01-09 01:57:00 --> Session: Class initialized using 'CodeIgniter\Session\Handlers\FileHandler' driver.
DEBUG - 2025-01-09 01:57:02 --> Session: Class initialized using 'CodeIgniter\Session\Handlers\FileHandler' driver.
DEBUG - 2025-01-09 01:57:03 --> Session: Class initialized using 'CodeIgniter\Session\Handlers\FileHandler' driver.
DEBUG - 2025-01-09 01:57:04 --> Session: Class initialized using 'CodeIgniter\Session\Handlers\FileHandler' driver.
DEBUG - 2025-01-09 01:57:04 --> Session: Class initialized using 'CodeIgniter\Session\Handlers\FileHandler' driver.
DEBUG - 2025-01-09 01:57:04 --> Session: Class initialized using 'CodeIgniter\Session\Handlers\FileHandler' driver.
DEBUG - 2025-01-09 01:57:05 --> Session: Class initialized using 'CodeIgniter\Session\Handlers\FileHandler' driver.
DEBUG - 2025-01-09 01:57:05 --> Session: Class initialized using 'CodeIgniter\Session\Handlers\FileHandler' driver.
DEBUG - 2025-01-09 01:57:35 --> Session: Class initialized using 'CodeIgniter\Session\Handlers\FileHandler' driver.
DEBUG - 2025-01-09 01:57:38 --> Session: Class initialized using 'CodeIgniter\Session\Handlers\FileHandler' driver.
DEBUG - 2025-01-09 01:58:56 --> Session: Class initialized using 'CodeIgniter\Session\Handlers\FileHandler' driver.
DEBUG - 2025-01-09 02:00:29 --> Session: Class initialized using 'CodeIgniter\Session\Handlers\FileHandler' driver.
DEBUG - 2025-01-09 02:00:30 --> Session: Class initialized using 'CodeIgniter\Session\Handlers\FileHandler' driver.
DEBUG - 2025-01-09 02:00:31 --> Session: Class initialized using 'CodeIgniter\Session\Handlers\FileHandler' driver.
DEBUG - 2025-01-09 02:00:31 --> Session: Class initialized using 'CodeIgniter\Session\Handlers\FileHandler' driver.
DEBUG - 2025-01-09 02:01:32 --> Session: Class initialized using 'CodeIgniter\Session\Handlers\FileHandler' driver.
DEBUG - 2025-01-09 02:01:33 --> Session: Class initialized using 'CodeIgniter\Session\Handlers\FileHandler' driver.
DEBUG - 2025-01-09 02:03:33 --> Session: Class initialized using 'CodeIgniter\Session\Handlers\FileHandler' driver.
DEBUG - 2025-01-09 02:03:37 --> Session: Class initialized using 'CodeIgniter\Session\Handlers\FileHandler' driver.
DEBUG - 2025-01-09 02:03:37 --> Session: Class initialized using 'CodeIgniter\Session\Handlers\FileHandler' driver.
DEBUG - 2025-01-09 02:03:55 --> Session: Class initialized using 'CodeIgniter\Session\Handlers\FileHandler' driver.
DEBUG - 2025-01-09 02:04:46 --> Session: Class initialized using 'CodeIgniter\Session\Handlers\FileHandler' driver.
DEBUG - 2025-01-09 02:06:13 --> Session: Class initialized using 'CodeIgniter\Session\Handlers\FileHandler' driver.
DEBUG - 2025-01-09 02:06:16 --> Session: Class initialized using 'CodeIgniter\Session\Handlers\FileHandler' driver.
DEBUG - 2025-01-09 02:06:16 --> Session: Class initialized using 'CodeIgniter\Session\Handlers\FileHandler' driver.
DEBUG - 2025-01-09 02:08:33 --> Session: Class initialized using 'CodeIgniter\Session\Handlers\FileHandler' driver.
DEBUG - 2025-01-09 02:08:39 --> Session: Class initialized using 'CodeIgniter\Session\Handlers\FileHandler' driver.
DEBUG - 2025-01-09 02:08:42 --> Session: Class initialized using 'CodeIgniter\Session\Handlers\FileHandler' driver.
DEBUG - 2025-01-09 02:08:42 --> Session: Class initialized using 'CodeIgniter\Session\Handlers\FileHandler' driver.
DEBUG - 2025-01-09 02:11:27 --> Session: Class initialized using 'CodeIgniter\Session\Handlers\FileHandler' driver.
DEBUG - 2025-01-09 02:11:28 --> Session: Class initialized using 'CodeIgniter\Session\Handlers\FileHandler' driver.
DEBUG - 2025-01-09 02:11:32 --> Session: Class initialized using 'CodeIgniter\Session\Handlers\FileHandler' driver.
DEBUG - 2025-01-09 02:11:32 --> Session: Class initialized using 'CodeIgniter\Session\Handlers\FileHandler' driver.
DEBUG - 2025-01-09 02:12:19 --> Session: Class initialized using 'CodeIgniter\Session\Handlers\FileHandler' driver.
DEBUG - 2025-01-09 02:12:25 --> Session: Class initialized using 'CodeIgniter\Session\Handlers\FileHandler' driver.
DEBUG - 2025-01-09 02:12:25 --> Session: Class initialized using 'CodeIgniter\Session\Handlers\FileHandler' driver.
DEBUG - 2025-01-09 02:12:29 --> Session: Class initialized using 'CodeIgniter\Session\Handlers\FileHandler' driver.
DEBUG - 2025-01-09 02:12:29 --> Session: Class initialized using 'CodeIgniter\Session\Handlers\FileHandler' driver.
DEBUG - 2025-01-09 02:13:29 --> Session: Class initialized using 'CodeIgniter\Session\Handlers\FileHandler' driver.
DEBUG - 2025-01-09 02:13:32 --> Session: Class initialized using 'CodeIgniter\Session\Handlers\FileHandler' driver.
DEBUG - 2025-01-09 02:13:32 --> Session: Class initialized using 'CodeIgniter\Session\Handlers\FileHandler' driver.
DEBUG - 2025-01-09 02:14:46 --> Session: Class initialized using 'CodeIgniter\Session\Handlers\FileHandler' driver.
DEBUG - 2025-01-09 02:14:46 --> Session: Class initialized using 'CodeIgniter\Session\Handlers\FileHandler' driver.
DEBUG - 2025-01-09 02:15:59 --> Session: Class initialized using 'CodeIgniter\Session\Handlers\FileHandler' driver.
DEBUG - 2025-01-09 02:16:03 --> Session: Class initialized using 'CodeIgniter\Session\Handlers\FileHandler' driver.
DEBUG - 2025-01-09 02:16:03 --> Session: Class initialized using 'CodeIgniter\Session\Handlers\FileHandler' driver.
DEBUG - 2025-01-09 02:16:06 --> Session: Class initialized using 'CodeIgniter\Session\Handlers\FileHandler' driver.
DEBUG - 2025-01-09 02:16:21 --> Session: Class initialized using 'CodeIgniter\Session\Handlers\FileHandler' driver.
DEBUG - 2025-01-09 02:16:21 --> Session: Class initialized using 'CodeIgniter\Session\Handlers\FileHandler' driver.
DEBUG - 2025-01-09 02:18:03 --> Session: Class initialized using 'CodeIgniter\Session\Handlers\FileHandler' driver.
DEBUG - 2025-01-09 02:18:03 --> Session: Class initialized using 'CodeIgniter\Session\Handlers\FileHandler' driver.
DEBUG - 2025-01-09 02:18:38 --> Session: Class initialized using 'CodeIgniter\Session\Handlers\FileHandler' driver.
DEBUG - 2025-01-09 02:18:41 --> Session: Class initialized using 'CodeIgniter\Session\Handlers\FileHandler' driver.
DEBUG - 2025-01-09 02:18:41 --> Session: Class initialized using 'CodeIgniter\Session\Handlers\FileHandler' driver.
DEBUG - 2025-01-09 02:20:25 --> Session: Class initialized using 'CodeIgniter\Session\Handlers\FileHandler' driver.
DEBUG - 2025-01-09 02:20:25 --> Session: Class initialized using 'CodeIgniter\Session\Handlers\FileHandler' driver.
DEBUG - 2025-01-09 02:22:20 --> Session: Class initialized using 'CodeIgniter\Session\Handlers\FileHandler' driver.
DEBUG - 2025-01-09 02:22:23 --> Session: Class initialized using 'CodeIgniter\Session\Handlers\FileHandler' driver.
DEBUG - 2025-01-09 02:22:23 --> Session: Class initialized using 'CodeIgniter\Session\Handlers\FileHandler' driver.
DEBUG - 2025-01-09 02:22:28 --> Session: Class initialized using 'CodeIgniter\Session\Handlers\FileHandler' driver.
DEBUG - 2025-01-09 02:22:28 --> Session: Class initialized using 'CodeIgniter\Session\Handlers\FileHandler' driver.
DEBUG - 2025-01-09 02:22:39 --> Session: Class initialized using 'CodeIgniter\Session\Handlers\FileHandler' driver.
DEBUG - 2025-01-09 02:22:43 --> Session: Class initialized using 'CodeIgniter\Session\Handlers\FileHandler' driver.
DEBUG - 2025-01-09 02:22:44 --> Session: Class initialized using 'CodeIgniter\Session\Handlers\FileHandler' driver.
DEBUG - 2025-01-09 02:22:44 --> Session: Class initialized using 'CodeIgniter\Session\Handlers\FileHandler' driver.
DEBUG - 2025-01-09 02:22:45 --> Session: Class initialized using 'CodeIgniter\Session\Handlers\FileHandler' driver.
DEBUG - 2025-01-09 02:22:45 --> Session: Class initialized using 'CodeIgniter\Session\Handlers\FileHandler' driver.
DEBUG - 2025-01-09 02:22:52 --> Session: Class initialized using 'CodeIgniter\Session\Handlers\FileHandler' driver.
DEBUG - 2025-01-09 02:22:53 --> Session: Class initialized using 'CodeIgniter\Session\Handlers\FileHandler' driver.
DEBUG - 2025-01-09 02:22:53 --> Session: Class initialized using 'CodeIgniter\Session\Handlers\FileHandler' driver.
DEBUG - 2025-01-09 02:22:56 --> Session: Class initialized using 'CodeIgniter\Session\Handlers\FileHandler' driver.
DEBUG - 2025-01-09 02:23:01 --> Session: Class initialized using 'CodeIgniter\Session\Handlers\FileHandler' driver.
DEBUG - 2025-01-09 02:23:16 --> Session: Class initialized using 'CodeIgniter\Session\Handlers\FileHandler' driver.
DEBUG - 2025-01-09 02:23:51 --> Session: Class initialized using 'CodeIgniter\Session\Handlers\FileHandler' driver.
DEBUG - 2025-01-09 02:23:51 --> Session: Class initialized using 'CodeIgniter\Session\Handlers\FileHandler' driver.
DEBUG - 2025-01-09 02:23:59 --> Session: Class initialized using 'CodeIgniter\Session\Handlers\FileHandler' driver.
DEBUG - 2025-01-09 02:24:09 --> Session: Class initialized using 'CodeIgniter\Session\Handlers\FileHandler' driver.
DEBUG - 2025-01-09 02:24:12 --> Session: Class initialized using 'CodeIgniter\Session\Handlers\FileHandler' driver.
DEBUG - 2025-01-09 02:24:12 --> Session: Class initialized using 'CodeIgniter\Session\Handlers\FileHandler' driver.
DEBUG - 2025-01-09 02:26:28 --> Session: Class initialized using 'CodeIgniter\Session\Handlers\FileHandler' driver.
DEBUG - 2025-01-09 02:26:32 --> Session: Class initialized using 'CodeIgniter\Session\Handlers\FileHandler' driver.
DEBUG - 2025-01-09 02:26:35 --> Session: Class initialized using 'CodeIgniter\Session\Handlers\FileHandler' driver.
DEBUG - 2025-01-09 02:26:35 --> Session: Class initialized using 'CodeIgniter\Session\Handlers\FileHandler' driver.
DEBUG - 2025-01-09 21:02:03 --> Session: Class initialized using 'CodeIgniter\Session\Handlers\FileHandler' driver.
DEBUG - 2025-01-09 21:02:07 --> Session: Class initialized using 'CodeIgniter\Session\Handlers\FileHandler' driver.
DEBUG - 2025-01-09 21:02:10 --> Session: Class initialized using 'CodeIgniter\Session\Handlers\FileHandler' driver.
DEBUG - 2025-01-09 21:02:10 --> Session: Class initialized using 'CodeIgniter\Session\Handlers\FileHandler' driver.
DEBUG - 2025-01-09 21:02:13 --> Session: Class initialized using 'CodeIgniter\Session\Handlers\FileHandler' driver.
DEBUG - 2025-01-09 21:02:13 --> Session: Class initialized using 'CodeIgniter\Session\Handlers\FileHandler' driver.
DEBUG - 2025-01-09 21:18:57 --> Session: Class initialized using 'CodeIgniter\Session\Handlers\FileHandler' driver.
DEBUG - 2025-01-09 21:19:00 --> Session: Class initialized using 'CodeIgniter\Session\Handlers\FileHandler' driver.
DEBUG - 2025-01-09 21:19:00 --> Session: Class initialized using 'CodeIgniter\Session\Handlers\FileHandler' driver.
DEBUG - 2025-01-09 21:19:04 --> Session: Class initialized using 'CodeIgniter\Session\Handlers\FileHandler' driver.
DEBUG - 2025-01-09 21:19:06 --> Session: Class initialized using 'CodeIgniter\Session\Handlers\FileHandler' driver.
DEBUG - 2025-01-09 21:19:06 --> Session: Class initialized using 'CodeIgniter\Session\Handlers\FileHandler' driver.
DEBUG - 2025-01-09 21:26:41 --> Session: Class initialized using 'CodeIgniter\Session\Handlers\FileHandler' driver.
DEBUG - 2025-01-09 21:26:45 --> Session: Class initialized using 'CodeIgniter\Session\Handlers\FileHandler' driver.
DEBUG - 2025-01-09 21:48:03 --> Session: Class initialized using 'CodeIgniter\Session\Handlers\FileHandler' driver.
DEBUG - 2025-01-09 21:48:03 --> Session: Class initialized using 'CodeIgniter\Session\Handlers\FileHandler' driver.
CRITICAL - 2025-01-09 21:48:04 --> ErrorException: Undefined variable $produk
[Method: GET, Route: /]
in APPPATH/Views/index.php on line 62.
 1 APPPATH/Views/index.php(62): CodeIgniter\Debug\Exceptions->errorHandler(2, 'Undefined variable $produk', '/Users/andriwahidin/Documents/WebStore22/app/Views/index.php', 62)
 2 SYSTEMPATH/View/View.php(234): include('/Users/andriwahidin/Documents/WebStore22/app/Views/index.php')
 3 SYSTEMPATH/View/View.php(237): CodeIgniter\View\View->CodeIgniter\View\{closure}()
 4 SYSTEMPATH/Common.php(1171): CodeIgniter\View\View->render('index', [], true)
 5 APPPATH/Config/Routes.php(35): view('index')
 6 SYSTEMPATH/CodeIgniter.php(877): CodeIgniter\Router\RouteCollection->Config\{closure}()
 7 SYSTEMPATH/CodeIgniter.php(496): CodeIgniter\CodeIgniter->startController()
 8 SYSTEMPATH/CodeIgniter.php(355): CodeIgniter\CodeIgniter->handleRequest(null, Object(Config\Cache), false)
 9 SYSTEMPATH/Boot.php(334): CodeIgniter\CodeIgniter->run()
10 SYSTEMPATH/Boot.php(67): CodeIgniter\Boot::runCodeIgniter(Object(CodeIgniter\CodeIgniter))
11 FCPATH/index.php(56): CodeIgniter\Boot::bootWeb(Object(Config\Paths))
12 SYSTEMPATH/rewrite.php(44): require_once('/Users/andriwahidin/Documents/WebStore22/public/index.php')
CRITICAL - 2025-01-09 21:50:53 --> ErrorException: Undefined variable $produkIos
[Method: GET, Route: /]
in APPPATH/Views/index.php on line 71.
 1 APPPATH/Views/index.php(71): CodeIgniter\Debug\Exceptions->errorHandler(2, 'Undefined variable $produkIos', '/Users/andriwahidin/Documents/WebStore22/app/Views/index.php', 71)
 2 SYSTEMPATH/View/View.php(234): include('/Users/andriwahidin/Documents/WebStore22/app/Views/index.php')
 3 SYSTEMPATH/View/View.php(237): CodeIgniter\View\View->CodeIgniter\View\{closure}()
 4 SYSTEMPATH/Common.php(1171): CodeIgniter\View\View->render('index', [], true)
 5 APPPATH/Config/Routes.php(35): view('index')
 6 SYSTEMPATH/CodeIgniter.php(877): CodeIgniter\Router\RouteCollection->Config\{closure}()
 7 SYSTEMPATH/CodeIgniter.php(496): CodeIgniter\CodeIgniter->startController()
 8 SYSTEMPATH/CodeIgniter.php(355): CodeIgniter\CodeIgniter->handleRequest(null, Object(Config\Cache), false)
 9 SYSTEMPATH/Boot.php(334): CodeIgniter\CodeIgniter->run()
10 SYSTEMPATH/Boot.php(67): CodeIgniter\Boot::runCodeIgniter(Object(CodeIgniter\CodeIgniter))
11 FCPATH/index.php(56): CodeIgniter\Boot::bootWeb(Object(Config\Paths))
12 SYSTEMPATH/rewrite.php(44): require_once('/Users/andriwahidin/Documents/WebStore22/public/index.php')
CRITICAL - 2025-01-09 21:51:25 --> ErrorException: Undefined variable $produkIos
[Method: GET, Route: /]
in APPPATH/Views/index.php on line 71.
 1 APPPATH/Views/index.php(71): CodeIgniter\Debug\Exceptions->errorHandler(2, 'Undefined variable $produkIos', '/Users/andriwahidin/Documents/WebStore22/app/Views/index.php', 71)
 2 SYSTEMPATH/View/View.php(234): include('/Users/andriwahidin/Documents/WebStore22/app/Views/index.php')
 3 SYSTEMPATH/View/View.php(237): CodeIgniter\View\View->CodeIgniter\View\{closure}()
 4 SYSTEMPATH/Common.php(1171): CodeIgniter\View\View->render('index', [], true)
 5 APPPATH/Config/Routes.php(35): view('index')
 6 SYSTEMPATH/CodeIgniter.php(877): CodeIgniter\Router\RouteCollection->Config\{closure}()
 7 SYSTEMPATH/CodeIgniter.php(496): CodeIgniter\CodeIgniter->startController()
 8 SYSTEMPATH/CodeIgniter.php(355): CodeIgniter\CodeIgniter->handleRequest(null, Object(Config\Cache), false)
 9 SYSTEMPATH/Boot.php(334): CodeIgniter\CodeIgniter->run()
10 SYSTEMPATH/Boot.php(67): CodeIgniter\Boot::runCodeIgniter(Object(CodeIgniter\CodeIgniter))
11 FCPATH/index.php(56): CodeIgniter\Boot::bootWeb(Object(Config\Paths))
12 SYSTEMPATH/rewrite.php(44): require_once('/Users/andriwahidin/Documents/WebStore22/public/index.php')
CRITICAL - 2025-01-09 21:51:25 --> ErrorException: Undefined variable $produkIos
[Method: GET, Route: /]
in APPPATH/Views/index.php on line 71.
 1 APPPATH/Views/index.php(71): CodeIgniter\Debug\Exceptions->errorHandler(2, 'Undefined variable $produkIos', '/Users/andriwahidin/Documents/WebStore22/app/Views/index.php', 71)
 2 SYSTEMPATH/View/View.php(234): include('/Users/andriwahidin/Documents/WebStore22/app/Views/index.php')
 3 SYSTEMPATH/View/View.php(237): CodeIgniter\View\View->CodeIgniter\View\{closure}()
 4 SYSTEMPATH/Common.php(1171): CodeIgniter\View\View->render('index', [], true)
 5 APPPATH/Config/Routes.php(35): view('index')
 6 SYSTEMPATH/CodeIgniter.php(877): CodeIgniter\Router\RouteCollection->Config\{closure}()
 7 SYSTEMPATH/CodeIgniter.php(496): CodeIgniter\CodeIgniter->startController()
 8 SYSTEMPATH/CodeIgniter.php(355): CodeIgniter\CodeIgniter->handleRequest(null, Object(Config\Cache), false)
 9 SYSTEMPATH/Boot.php(334): CodeIgniter\CodeIgniter->run()
10 SYSTEMPATH/Boot.php(67): CodeIgniter\Boot::runCodeIgniter(Object(CodeIgniter\CodeIgniter))
11 FCPATH/index.php(56): CodeIgniter\Boot::bootWeb(Object(Config\Paths))
12 SYSTEMPATH/rewrite.php(44): require_once('/Users/andriwahidin/Documents/WebStore22/public/index.php')
CRITICAL - 2025-01-09 21:52:39 --> ErrorException: Undefined variable $produkIos
[Method: GET, Route: /]
in APPPATH/Views/index.php on line 71.
 1 APPPATH/Views/index.php(71): CodeIgniter\Debug\Exceptions->errorHandler(2, 'Undefined variable $produkIos', '/Users/andriwahidin/Documents/WebStore22/app/Views/index.php', 71)
 2 SYSTEMPATH/View/View.php(234): include('/Users/andriwahidin/Documents/WebStore22/app/Views/index.php')
 3 SYSTEMPATH/View/View.php(237): CodeIgniter\View\View->CodeIgniter\View\{closure}()
 4 SYSTEMPATH/Common.php(1171): CodeIgniter\View\View->render('index', [], true)
 5 APPPATH/Config/Routes.php(35): view('index')
 6 SYSTEMPATH/CodeIgniter.php(877): CodeIgniter\Router\RouteCollection->Config\{closure}()
 7 SYSTEMPATH/CodeIgniter.php(496): CodeIgniter\CodeIgniter->startController()
 8 SYSTEMPATH/CodeIgniter.php(355): CodeIgniter\CodeIgniter->handleRequest(null, Object(Config\Cache), false)
 9 SYSTEMPATH/Boot.php(334): CodeIgniter\CodeIgniter->run()
10 SYSTEMPATH/Boot.php(67): CodeIgniter\Boot::runCodeIgniter(Object(CodeIgniter\CodeIgniter))
11 FCPATH/index.php(56): CodeIgniter\Boot::bootWeb(Object(Config\Paths))
12 SYSTEMPATH/rewrite.php(44): require_once('/Users/andriwahidin/Documents/WebStore22/public/index.php')
CRITICAL - 2025-01-09 21:52:40 --> ErrorException: Undefined variable $produkIos
[Method: GET, Route: /]
in APPPATH/Views/index.php on line 71.
 1 APPPATH/Views/index.php(71): CodeIgniter\Debug\Exceptions->errorHandler(2, 'Undefined variable $produkIos', '/Users/andriwahidin/Documents/WebStore22/app/Views/index.php', 71)
 2 SYSTEMPATH/View/View.php(234): include('/Users/andriwahidin/Documents/WebStore22/app/Views/index.php')
 3 SYSTEMPATH/View/View.php(237): CodeIgniter\View\View->CodeIgniter\View\{closure}()
 4 SYSTEMPATH/Common.php(1171): CodeIgniter\View\View->render('index', [], true)
 5 APPPATH/Config/Routes.php(35): view('index')
 6 SYSTEMPATH/CodeIgniter.php(877): CodeIgniter\Router\RouteCollection->Config\{closure}()
 7 SYSTEMPATH/CodeIgniter.php(496): CodeIgniter\CodeIgniter->startController()
 8 SYSTEMPATH/CodeIgniter.php(355): CodeIgniter\CodeIgniter->handleRequest(null, Object(Config\Cache), false)
 9 SYSTEMPATH/Boot.php(334): CodeIgniter\CodeIgniter->run()
10 SYSTEMPATH/Boot.php(67): CodeIgniter\Boot::runCodeIgniter(Object(CodeIgniter\CodeIgniter))
11 FCPATH/index.php(56): CodeIgniter\Boot::bootWeb(Object(Config\Paths))
12 SYSTEMPATH/rewrite.php(44): require_once('/Users/andriwahidin/Documents/WebStore22/public/index.php')
CRITICAL - 2025-01-09 21:53:14 --> ErrorException: Undefined variable $Ios
[Method: GET, Route: /]
in APPPATH/Views/index.php on line 71.
 1 APPPATH/Views/index.php(71): CodeIgniter\Debug\Exceptions->errorHandler(2, 'Undefined variable $Ios', '/Users/andriwahidin/Documents/WebStore22/app/Views/index.php', 71)
 2 SYSTEMPATH/View/View.php(234): include('/Users/andriwahidin/Documents/WebStore22/app/Views/index.php')
 3 SYSTEMPATH/View/View.php(237): CodeIgniter\View\View->CodeIgniter\View\{closure}()
 4 SYSTEMPATH/Common.php(1171): CodeIgniter\View\View->render('index', [], true)
 5 APPPATH/Config/Routes.php(35): view('index')
 6 SYSTEMPATH/CodeIgniter.php(877): CodeIgniter\Router\RouteCollection->Config\{closure}()
 7 SYSTEMPATH/CodeIgniter.php(496): CodeIgniter\CodeIgniter->startController()
 8 SYSTEMPATH/CodeIgniter.php(355): CodeIgniter\CodeIgniter->handleRequest(null, Object(Config\Cache), false)
 9 SYSTEMPATH/Boot.php(334): CodeIgniter\CodeIgniter->run()
10 SYSTEMPATH/Boot.php(67): CodeIgniter\Boot::runCodeIgniter(Object(CodeIgniter\CodeIgniter))
11 FCPATH/index.php(56): CodeIgniter\Boot::bootWeb(Object(Config\Paths))
12 SYSTEMPATH/rewrite.php(44): require_once('/Users/andriwahidin/Documents/WebStore22/public/index.php')
CRITICAL - 2025-01-09 21:56:03 --> ErrorException: Undefined variable $produkIos
[Method: GET, Route: /]
in APPPATH/Views/index.php on line 71.
 1 APPPATH/Views/index.php(71): CodeIgniter\Debug\Exceptions->errorHandler(2, 'Undefined variable $produkIos', '/Users/andriwahidin/Documents/WebStore22/app/Views/index.php', 71)
 2 SYSTEMPATH/View/View.php(234): include('/Users/andriwahidin/Documents/WebStore22/app/Views/index.php')
 3 SYSTEMPATH/View/View.php(237): CodeIgniter\View\View->CodeIgniter\View\{closure}()
 4 SYSTEMPATH/Common.php(1171): CodeIgniter\View\View->render('index', [], true)
 5 APPPATH/Config/Routes.php(35): view('index')
 6 SYSTEMPATH/CodeIgniter.php(877): CodeIgniter\Router\RouteCollection->Config\{closure}()
 7 SYSTEMPATH/CodeIgniter.php(496): CodeIgniter\CodeIgniter->startController()
 8 SYSTEMPATH/CodeIgniter.php(355): CodeIgniter\CodeIgniter->handleRequest(null, Object(Config\Cache), false)
 9 SYSTEMPATH/Boot.php(334): CodeIgniter\CodeIgniter->run()
10 SYSTEMPATH/Boot.php(67): CodeIgniter\Boot::runCodeIgniter(Object(CodeIgniter\CodeIgniter))
11 FCPATH/index.php(56): CodeIgniter\Boot::bootWeb(Object(Config\Paths))
12 SYSTEMPATH/rewrite.php(44): require_once('/Users/andriwahidin/Documents/WebStore22/public/index.php')
DEBUG - 2025-01-09 23:23:50 --> Session: Class initialized using 'CodeIgniter\Session\Handlers\FileHandler' driver.
DEBUG - 2025-01-09 23:23:55 --> Session: Class initialized using 'CodeIgniter\Session\Handlers\FileHandler' driver.
DEBUG - 2025-01-09 23:24:08 --> Session: Class initialized using 'CodeIgniter\Session\Handlers\FileHandler' driver.
DEBUG - 2025-01-09 23:24:08 --> Session: Class initialized using 'CodeIgniter\Session\Handlers\FileHandler' driver.
DEBUG - 2025-01-09 23:33:00 --> Session: Class initialized using 'CodeIgniter\Session\Handlers\FileHandler' driver.
DEBUG - 2025-01-09 23:33:08 --> Session: Class initialized using 'CodeIgniter\Session\Handlers\FileHandler' driver.
ERROR - 2025-01-09 23:41:44 --> mysqli_sql_exception: Unknown column 'produk.deskripsi' in 'field list' in /Users/andriwahidin/Documents/WebStore22/vendor/codeigniter4/framework/system/Database/MySQLi/Connection.php:312
Stack trace:
#0 /Users/andriwahidin/Documents/WebStore22/vendor/codeigniter4/framework/system/Database/MySQLi/Connection.php(312): mysqli->query('SELECT `produk`...', 0)
#1 /Users/andriwahidin/Documents/WebStore22/vendor/codeigniter4/framework/system/Database/BaseConnection.php(734): CodeIgniter\Database\MySQLi\Connection->execute('SELECT `produk`...')
#2 /Users/andriwahidin/Documents/WebStore22/vendor/codeigniter4/framework/system/Database/BaseConnection.php(648): CodeIgniter\Database\BaseConnection->simpleQuery('SELECT `produk`...')
#3 /Users/andriwahidin/Documents/WebStore22/vendor/codeigniter4/framework/system/Database/BaseBuilder.php(1644): CodeIgniter\Database\BaseConnection->query('SELECT `produk`...', Array, false)
#4 /Users/andriwahidin/Documents/WebStore22/vendor/codeigniter4/framework/system/Model.php(286): CodeIgniter\Database\BaseBuilder->get()
#5 /Users/andriwahidin/Documents/WebStore22/vendor/codeigniter4/framework/system/BaseModel.php(675): CodeIgniter\Model->doFindAll(0, 0)
#6 /Users/andriwahidin/Documents/WebStore22/app/Controllers/Home.php(26): CodeIgniter\BaseModel->findAll()
#7 /Users/andriwahidin/Documents/WebStore22/vendor/codeigniter4/framework/system/CodeIgniter.php(933): App\Controllers\Home->index()
#8 /Users/andriwahidin/Documents/WebStore22/vendor/codeigniter4/framework/system/CodeIgniter.php(509): CodeIgniter\CodeIgniter->runController(Object(App\Controllers\Home))
#9 /Users/andriwahidin/Documents/WebStore22/vendor/codeigniter4/framework/system/CodeIgniter.php(355): CodeIgniter\CodeIgniter->handleRequest(NULL, Object(Config\Cache), false)
#10 /Users/andriwahidin/Documents/WebStore22/vendor/codeigniter4/framework/system/Boot.php(334): CodeIgniter\CodeIgniter->run()
#11 /Users/andriwahidin/Documents/WebStore22/vendor/codeigniter4/framework/system/Boot.php(67): CodeIgniter\Boot::runCodeIgniter(Object(CodeIgniter\CodeIgniter))
#12 /Users/andriwahidin/Documents/WebStore22/public/index.php(56): CodeIgniter\Boot::bootWeb(Object(Config\Paths))
#13 /Users/andriwahidin/Documents/WebStore22/vendor/codeigniter4/framework/system/rewrite.php(44): require_once('/Users/andriwah...')
#14 {main}
CRITICAL - 2025-01-09 23:41:44 --> CodeIgniter\Database\Exceptions\DatabaseException: Unknown column 'produk.deskripsi' in 'field list'
[Method: GET, Route: /]
in SYSTEMPATH/Database/BaseConnection.php on line 688.
 1 SYSTEMPATH/Database/BaseBuilder.php(1644): CodeIgniter\Database\BaseConnection->query('SELECT `produk`.`id`, `produk`.`nama_produk`, `produk`.`stok`, `thumbnail`.`gambar`, `harga`.`harga`, `produk`.`deskripsi`
FROM `produk`
INNER JOIN `thumbnail` ON `thumbnail`.`id` = `produk`.`thumbnail_id`
INNER JOIN `harga` ON `harga`.`produk_id` = `produk`.`id`
ORDER BY `produk`.`id` DESC
 LIMIT 6', [], false)
 2 SYSTEMPATH/Model.php(286): CodeIgniter\Database\BaseBuilder->get()
 3 SYSTEMPATH/BaseModel.php(675): CodeIgniter\Model->doFindAll(0, 0)
 4 APPPATH/Controllers/Home.php(26): CodeIgniter\BaseModel->findAll()
 5 SYSTEMPATH/CodeIgniter.php(933): App\Controllers\Home->index()
 6 SYSTEMPATH/CodeIgniter.php(509): CodeIgniter\CodeIgniter->runController(Object(App\Controllers\Home))
 7 SYSTEMPATH/CodeIgniter.php(355): CodeIgniter\CodeIgniter->handleRequest(null, Object(Config\Cache), false)
 8 SYSTEMPATH/Boot.php(334): CodeIgniter\CodeIgniter->run()
 9 SYSTEMPATH/Boot.php(67): CodeIgniter\Boot::runCodeIgniter(Object(CodeIgniter\CodeIgniter))
10 FCPATH/index.php(56): CodeIgniter\Boot::bootWeb(Object(Config\Paths))
11 SYSTEMPATH/rewrite.php(44): require_once('/Users/andriwahidin/Documents/WebStore22/public/index.php')
CRITICAL - 2025-01-09 23:41:44 --> [Caused by] CodeIgniter\Database\Exceptions\DatabaseException: Unknown column 'produk.deskripsi' in 'field list'
in SYSTEMPATH/Database/MySQLi/Connection.php on line 317.
 1 SYSTEMPATH/Database/BaseConnection.php(734): CodeIgniter\Database\MySQLi\Connection->execute('SELECT `produk`.`id`, `produk`.`nama_produk`, `produk`.`stok`, `thumbnail`.`gambar`, `harga`.`harga`, `produk`.`deskripsi`
FROM `produk`
INNER JOIN `thumbnail` ON `thumbnail`.`id` = `produk`.`thumbnail_id`
INNER JOIN `harga` ON `harga`.`produk_id` = `produk`.`id`
ORDER BY `produk`.`id` DESC
 LIMIT 6')
 2 SYSTEMPATH/Database/BaseConnection.php(648): CodeIgniter\Database\BaseConnection->simpleQuery('SELECT `produk`.`id`, `produk`.`nama_produk`, `produk`.`stok`, `thumbnail`.`gambar`, `harga`.`harga`, `produk`.`deskripsi`
FROM `produk`
INNER JOIN `thumbnail` ON `thumbnail`.`id` = `produk`.`thumbnail_id`
INNER JOIN `harga` ON `harga`.`produk_id` = `produk`.`id`
ORDER BY `produk`.`id` DESC
 LIMIT 6')
 3 SYSTEMPATH/Database/BaseBuilder.php(1644): CodeIgniter\Database\BaseConnection->query('SELECT `produk`.`id`, `produk`.`nama_produk`, `produk`.`stok`, `thumbnail`.`gambar`, `harga`.`harga`, `produk`.`deskripsi`
FROM `produk`
INNER JOIN `thumbnail` ON `thumbnail`.`id` = `produk`.`thumbnail_id`
INNER JOIN `harga` ON `harga`.`produk_id` = `produk`.`id`
ORDER BY `produk`.`id` DESC
 LIMIT 6', [], false)
 4 SYSTEMPATH/Model.php(286): CodeIgniter\Database\BaseBuilder->get()
 5 SYSTEMPATH/BaseModel.php(675): CodeIgniter\Model->doFindAll(0, 0)
 6 APPPATH/Controllers/Home.php(26): CodeIgniter\BaseModel->findAll()
 7 SYSTEMPATH/CodeIgniter.php(933): App\Controllers\Home->index()
 8 SYSTEMPATH/CodeIgniter.php(509): CodeIgniter\CodeIgniter->runController(Object(App\Controllers\Home))
 9 SYSTEMPATH/CodeIgniter.php(355): CodeIgniter\CodeIgniter->handleRequest(null, Object(Config\Cache), false)
10 SYSTEMPATH/Boot.php(334): CodeIgniter\CodeIgniter->run()
11 SYSTEMPATH/Boot.php(67): CodeIgniter\Boot::runCodeIgniter(Object(CodeIgniter\CodeIgniter))
12 FCPATH/index.php(56): CodeIgniter\Boot::bootWeb(Object(Config\Paths))
13 SYSTEMPATH/rewrite.php(44): require_once('/Users/andriwahidin/Documents/WebStore22/public/index.php')
CRITICAL - 2025-01-09 23:41:44 --> [Caused by] mysqli_sql_exception: Unknown column 'produk.deskripsi' in 'field list'
in SYSTEMPATH/Database/MySQLi/Connection.php on line 312.
 1 SYSTEMPATH/Database/MySQLi/Connection.php(312): mysqli->query('SELECT `produk`.`id`, `produk`.`nama_produk`, `produk`.`stok`, `thumbnail`.`gambar`, `harga`.`harga`, `produk`.`deskripsi`
FROM `produk`
INNER JOIN `thumbnail` ON `thumbnail`.`id` = `produk`.`thumbnail_id`
INNER JOIN `harga` ON `harga`.`produk_id` = `produk`.`id`
ORDER BY `produk`.`id` DESC
 LIMIT 6', 0)
 2 SYSTEMPATH/Database/BaseConnection.php(734): CodeIgniter\Database\MySQLi\Connection->execute('SELECT `produk`.`id`, `produk`.`nama_produk`, `produk`.`stok`, `thumbnail`.`gambar`, `harga`.`harga`, `produk`.`deskripsi`
FROM `produk`
INNER JOIN `thumbnail` ON `thumbnail`.`id` = `produk`.`thumbnail_id`
INNER JOIN `harga` ON `harga`.`produk_id` = `produk`.`id`
ORDER BY `produk`.`id` DESC
 LIMIT 6')
 3 SYSTEMPATH/Database/BaseConnection.php(648): CodeIgniter\Database\BaseConnection->simpleQuery('SELECT `produk`.`id`, `produk`.`nama_produk`, `produk`.`stok`, `thumbnail`.`gambar`, `harga`.`harga`, `produk`.`deskripsi`
FROM `produk`
INNER JOIN `thumbnail` ON `thumbnail`.`id` = `produk`.`thumbnail_id`
INNER JOIN `harga` ON `harga`.`produk_id` = `produk`.`id`
ORDER BY `produk`.`id` DESC
 LIMIT 6')
 4 SYSTEMPATH/Database/BaseBuilder.php(1644): CodeIgniter\Database\BaseConnection->query('SELECT `produk`.`id`, `produk`.`nama_produk`, `produk`.`stok`, `thumbnail`.`gambar`, `harga`.`harga`, `produk`.`deskripsi`
FROM `produk`
INNER JOIN `thumbnail` ON `thumbnail`.`id` = `produk`.`thumbnail_id`
INNER JOIN `harga` ON `harga`.`produk_id` = `produk`.`id`
ORDER BY `produk`.`id` DESC
 LIMIT 6', [], false)
 5 SYSTEMPATH/Model.php(286): CodeIgniter\Database\BaseBuilder->get()
 6 SYSTEMPATH/BaseModel.php(675): CodeIgniter\Model->doFindAll(0, 0)
 7 APPPATH/Controllers/Home.php(26): CodeIgniter\BaseModel->findAll()
 8 SYSTEMPATH/CodeIgniter.php(933): App\Controllers\Home->index()
 9 SYSTEMPATH/CodeIgniter.php(509): CodeIgniter\CodeIgniter->runController(Object(App\Controllers\Home))
10 SYSTEMPATH/CodeIgniter.php(355): CodeIgniter\CodeIgniter->handleRequest(null, Object(Config\Cache), false)
11 SYSTEMPATH/Boot.php(334): CodeIgniter\CodeIgniter->run()
12 SYSTEMPATH/Boot.php(67): CodeIgniter\Boot::runCodeIgniter(Object(CodeIgniter\CodeIgniter))
13 FCPATH/index.php(56): CodeIgniter\Boot::bootWeb(Object(Config\Paths))
14 SYSTEMPATH/rewrite.php(44): require_once('/Users/andriwahidin/Documents/WebStore22/public/index.php')
ERROR - 2025-01-09 23:42:02 --> mysqli_sql_exception: Unknown column 'produk.deskripsi' in 'field list' in /Users/andriwahidin/Documents/WebStore22/vendor/codeigniter4/framework/system/Database/MySQLi/Connection.php:312
Stack trace:
#0 /Users/andriwahidin/Documents/WebStore22/vendor/codeigniter4/framework/system/Database/MySQLi/Connection.php(312): mysqli->query('SELECT `produk`...', 0)
#1 /Users/andriwahidin/Documents/WebStore22/vendor/codeigniter4/framework/system/Database/BaseConnection.php(734): CodeIgniter\Database\MySQLi\Connection->execute('SELECT `produk`...')
#2 /Users/andriwahidin/Documents/WebStore22/vendor/codeigniter4/framework/system/Database/BaseConnection.php(648): CodeIgniter\Database\BaseConnection->simpleQuery('SELECT `produk`...')
#3 /Users/andriwahidin/Documents/WebStore22/vendor/codeigniter4/framework/system/Database/BaseBuilder.php(1644): CodeIgniter\Database\BaseConnection->query('SELECT `produk`...', Array, false)
#4 /Users/andriwahidin/Documents/WebStore22/vendor/codeigniter4/framework/system/Model.php(286): CodeIgniter\Database\BaseBuilder->get()
#5 /Users/andriwahidin/Documents/WebStore22/vendor/codeigniter4/framework/system/BaseModel.php(675): CodeIgniter\Model->doFindAll(0, 0)
#6 /Users/andriwahidin/Documents/WebStore22/app/Controllers/Home.php(26): CodeIgniter\BaseModel->findAll()
#7 /Users/andriwahidin/Documents/WebStore22/vendor/codeigniter4/framework/system/CodeIgniter.php(933): App\Controllers\Home->index()
#8 /Users/andriwahidin/Documents/WebStore22/vendor/codeigniter4/framework/system/CodeIgniter.php(509): CodeIgniter\CodeIgniter->runController(Object(App\Controllers\Home))
#9 /Users/andriwahidin/Documents/WebStore22/vendor/codeigniter4/framework/system/CodeIgniter.php(355): CodeIgniter\CodeIgniter->handleRequest(NULL, Object(Config\Cache), false)
#10 /Users/andriwahidin/Documents/WebStore22/vendor/codeigniter4/framework/system/Boot.php(334): CodeIgniter\CodeIgniter->run()
#11 /Users/andriwahidin/Documents/WebStore22/vendor/codeigniter4/framework/system/Boot.php(67): CodeIgniter\Boot::runCodeIgniter(Object(CodeIgniter\CodeIgniter))
#12 /Users/andriwahidin/Documents/WebStore22/public/index.php(56): CodeIgniter\Boot::bootWeb(Object(Config\Paths))
#13 /Users/andriwahidin/Documents/WebStore22/vendor/codeigniter4/framework/system/rewrite.php(44): require_once('/Users/andriwah...')
#14 {main}
CRITICAL - 2025-01-09 23:42:02 --> CodeIgniter\Database\Exceptions\DatabaseException: Unknown column 'produk.deskripsi' in 'field list'
[Method: GET, Route: /]
in SYSTEMPATH/Database/BaseConnection.php on line 688.
 1 SYSTEMPATH/Database/BaseBuilder.php(1644): CodeIgniter\Database\BaseConnection->query('SELECT `produk`.`id`, `produk`.`nama_produk`, `produk`.`stok`, `thumbnail`.`gambar`, `harga`.`harga`, `produk`.`deskripsi`
FROM `produk`
INNER JOIN `thumbnail` ON `thumbnail`.`id` = `produk`.`thumbnail_id`
INNER JOIN `harga` ON `harga`.`produk_id` = `produk`.`id`
ORDER BY `produk`.`id` DESC
 LIMIT 6', [], false)
 2 SYSTEMPATH/Model.php(286): CodeIgniter\Database\BaseBuilder->get()
 3 SYSTEMPATH/BaseModel.php(675): CodeIgniter\Model->doFindAll(0, 0)
 4 APPPATH/Controllers/Home.php(26): CodeIgniter\BaseModel->findAll()
 5 SYSTEMPATH/CodeIgniter.php(933): App\Controllers\Home->index()
 6 SYSTEMPATH/CodeIgniter.php(509): CodeIgniter\CodeIgniter->runController(Object(App\Controllers\Home))
 7 SYSTEMPATH/CodeIgniter.php(355): CodeIgniter\CodeIgniter->handleRequest(null, Object(Config\Cache), false)
 8 SYSTEMPATH/Boot.php(334): CodeIgniter\CodeIgniter->run()
 9 SYSTEMPATH/Boot.php(67): CodeIgniter\Boot::runCodeIgniter(Object(CodeIgniter\CodeIgniter))
10 FCPATH/index.php(56): CodeIgniter\Boot::bootWeb(Object(Config\Paths))
11 SYSTEMPATH/rewrite.php(44): require_once('/Users/andriwahidin/Documents/WebStore22/public/index.php')
CRITICAL - 2025-01-09 23:42:02 --> [Caused by] CodeIgniter\Database\Exceptions\DatabaseException: Unknown column 'produk.deskripsi' in 'field list'
in SYSTEMPATH/Database/MySQLi/Connection.php on line 317.
 1 SYSTEMPATH/Database/BaseConnection.php(734): CodeIgniter\Database\MySQLi\Connection->execute('SELECT `produk`.`id`, `produk`.`nama_produk`, `produk`.`stok`, `thumbnail`.`gambar`, `harga`.`harga`, `produk`.`deskripsi`
FROM `produk`
INNER JOIN `thumbnail` ON `thumbnail`.`id` = `produk`.`thumbnail_id`
INNER JOIN `harga` ON `harga`.`produk_id` = `produk`.`id`
ORDER BY `produk`.`id` DESC
 LIMIT 6')
 2 SYSTEMPATH/Database/BaseConnection.php(648): CodeIgniter\Database\BaseConnection->simpleQuery('SELECT `produk`.`id`, `produk`.`nama_produk`, `produk`.`stok`, `thumbnail`.`gambar`, `harga`.`harga`, `produk`.`deskripsi`
FROM `produk`
INNER JOIN `thumbnail` ON `thumbnail`.`id` = `produk`.`thumbnail_id`
INNER JOIN `harga` ON `harga`.`produk_id` = `produk`.`id`
ORDER BY `produk`.`id` DESC
 LIMIT 6')
 3 SYSTEMPATH/Database/BaseBuilder.php(1644): CodeIgniter\Database\BaseConnection->query('SELECT `produk`.`id`, `produk`.`nama_produk`, `produk`.`stok`, `thumbnail`.`gambar`, `harga`.`harga`, `produk`.`deskripsi`
FROM `produk`
INNER JOIN `thumbnail` ON `thumbnail`.`id` = `produk`.`thumbnail_id`
INNER JOIN `harga` ON `harga`.`produk_id` = `produk`.`id`
ORDER BY `produk`.`id` DESC
 LIMIT 6', [], false)
 4 SYSTEMPATH/Model.php(286): CodeIgniter\Database\BaseBuilder->get()
 5 SYSTEMPATH/BaseModel.php(675): CodeIgniter\Model->doFindAll(0, 0)
 6 APPPATH/Controllers/Home.php(26): CodeIgniter\BaseModel->findAll()
 7 SYSTEMPATH/CodeIgniter.php(933): App\Controllers\Home->index()
 8 SYSTEMPATH/CodeIgniter.php(509): CodeIgniter\CodeIgniter->runController(Object(App\Controllers\Home))
 9 SYSTEMPATH/CodeIgniter.php(355): CodeIgniter\CodeIgniter->handleRequest(null, Object(Config\Cache), false)
10 SYSTEMPATH/Boot.php(334): CodeIgniter\CodeIgniter->run()
11 SYSTEMPATH/Boot.php(67): CodeIgniter\Boot::runCodeIgniter(Object(CodeIgniter\CodeIgniter))
12 FCPATH/index.php(56): CodeIgniter\Boot::bootWeb(Object(Config\Paths))
13 SYSTEMPATH/rewrite.php(44): require_once('/Users/andriwahidin/Documents/WebStore22/public/index.php')
CRITICAL - 2025-01-09 23:42:02 --> [Caused by] mysqli_sql_exception: Unknown column 'produk.deskripsi' in 'field list'
in SYSTEMPATH/Database/MySQLi/Connection.php on line 312.
 1 SYSTEMPATH/Database/MySQLi/Connection.php(312): mysqli->query('SELECT `produk`.`id`, `produk`.`nama_produk`, `produk`.`stok`, `thumbnail`.`gambar`, `harga`.`harga`, `produk`.`deskripsi`
FROM `produk`
INNER JOIN `thumbnail` ON `thumbnail`.`id` = `produk`.`thumbnail_id`
INNER JOIN `harga` ON `harga`.`produk_id` = `produk`.`id`
ORDER BY `produk`.`id` DESC
 LIMIT 6', 0)
 2 SYSTEMPATH/Database/BaseConnection.php(734): CodeIgniter\Database\MySQLi\Connection->execute('SELECT `produk`.`id`, `produk`.`nama_produk`, `produk`.`stok`, `thumbnail`.`gambar`, `harga`.`harga`, `produk`.`deskripsi`
FROM `produk`
INNER JOIN `thumbnail` ON `thumbnail`.`id` = `produk`.`thumbnail_id`
INNER JOIN `harga` ON `harga`.`produk_id` = `produk`.`id`
ORDER BY `produk`.`id` DESC
 LIMIT 6')
 3 SYSTEMPATH/Database/BaseConnection.php(648): CodeIgniter\Database\BaseConnection->simpleQuery('SELECT `produk`.`id`, `produk`.`nama_produk`, `produk`.`stok`, `thumbnail`.`gambar`, `harga`.`harga`, `produk`.`deskripsi`
FROM `produk`
INNER JOIN `thumbnail` ON `thumbnail`.`id` = `produk`.`thumbnail_id`
INNER JOIN `harga` ON `harga`.`produk_id` = `produk`.`id`
ORDER BY `produk`.`id` DESC
 LIMIT 6')
 4 SYSTEMPATH/Database/BaseBuilder.php(1644): CodeIgniter\Database\BaseConnection->query('SELECT `produk`.`id`, `produk`.`nama_produk`, `produk`.`stok`, `thumbnail`.`gambar`, `harga`.`harga`, `produk`.`deskripsi`
FROM `produk`
INNER JOIN `thumbnail` ON `thumbnail`.`id` = `produk`.`thumbnail_id`
INNER JOIN `harga` ON `harga`.`produk_id` = `produk`.`id`
ORDER BY `produk`.`id` DESC
 LIMIT 6', [], false)
 5 SYSTEMPATH/Model.php(286): CodeIgniter\Database\BaseBuilder->get()
 6 SYSTEMPATH/BaseModel.php(675): CodeIgniter\Model->doFindAll(0, 0)
 7 APPPATH/Controllers/Home.php(26): CodeIgniter\BaseModel->findAll()
 8 SYSTEMPATH/CodeIgniter.php(933): App\Controllers\Home->index()
 9 SYSTEMPATH/CodeIgniter.php(509): CodeIgniter\CodeIgniter->runController(Object(App\Controllers\Home))
10 SYSTEMPATH/CodeIgniter.php(355): CodeIgniter\CodeIgniter->handleRequest(null, Object(Config\Cache), false)
11 SYSTEMPATH/Boot.php(334): CodeIgniter\CodeIgniter->run()
12 SYSTEMPATH/Boot.php(67): CodeIgniter\Boot::runCodeIgniter(Object(CodeIgniter\CodeIgniter))
13 FCPATH/index.php(56): CodeIgniter\Boot::bootWeb(Object(Config\Paths))
14 SYSTEMPATH/rewrite.php(44): require_once('/Users/andriwahidin/Documents/WebStore22/public/index.php')
ERROR - 2025-01-09 23:42:07 --> mysqli_sql_exception: Unknown column 'produk.deskripsi' in 'field list' in /Users/andriwahidin/Documents/WebStore22/vendor/codeigniter4/framework/system/Database/MySQLi/Connection.php:312
Stack trace:
#0 /Users/andriwahidin/Documents/WebStore22/vendor/codeigniter4/framework/system/Database/MySQLi/Connection.php(312): mysqli->query('SELECT `produk`...', 0)
#1 /Users/andriwahidin/Documents/WebStore22/vendor/codeigniter4/framework/system/Database/BaseConnection.php(734): CodeIgniter\Database\MySQLi\Connection->execute('SELECT `produk`...')
#2 /Users/andriwahidin/Documents/WebStore22/vendor/codeigniter4/framework/system/Database/BaseConnection.php(648): CodeIgniter\Database\BaseConnection->simpleQuery('SELECT `produk`...')
#3 /Users/andriwahidin/Documents/WebStore22/vendor/codeigniter4/framework/system/Database/BaseBuilder.php(1644): CodeIgniter\Database\BaseConnection->query('SELECT `produk`...', Array, false)
#4 /Users/andriwahidin/Documents/WebStore22/vendor/codeigniter4/framework/system/Model.php(286): CodeIgniter\Database\BaseBuilder->get()
#5 /Users/andriwahidin/Documents/WebStore22/vendor/codeigniter4/framework/system/BaseModel.php(675): CodeIgniter\Model->doFindAll(0, 0)
#6 /Users/andriwahidin/Documents/WebStore22/app/Controllers/Home.php(26): CodeIgniter\BaseModel->findAll()
#7 /Users/andriwahidin/Documents/WebStore22/vendor/codeigniter4/framework/system/CodeIgniter.php(933): App\Controllers\Home->index()
#8 /Users/andriwahidin/Documents/WebStore22/vendor/codeigniter4/framework/system/CodeIgniter.php(509): CodeIgniter\CodeIgniter->runController(Object(App\Controllers\Home))
#9 /Users/andriwahidin/Documents/WebStore22/vendor/codeigniter4/framework/system/CodeIgniter.php(355): CodeIgniter\CodeIgniter->handleRequest(NULL, Object(Config\Cache), false)
#10 /Users/andriwahidin/Documents/WebStore22/vendor/codeigniter4/framework/system/Boot.php(334): CodeIgniter\CodeIgniter->run()
#11 /Users/andriwahidin/Documents/WebStore22/vendor/codeigniter4/framework/system/Boot.php(67): CodeIgniter\Boot::runCodeIgniter(Object(CodeIgniter\CodeIgniter))
#12 /Users/andriwahidin/Documents/WebStore22/public/index.php(56): CodeIgniter\Boot::bootWeb(Object(Config\Paths))
#13 /Users/andriwahidin/Documents/WebStore22/vendor/codeigniter4/framework/system/rewrite.php(44): require_once('/Users/andriwah...')
#14 {main}
CRITICAL - 2025-01-09 23:42:07 --> CodeIgniter\Database\Exceptions\DatabaseException: Unknown column 'produk.deskripsi' in 'field list'
[Method: GET, Route: /]
in SYSTEMPATH/Database/BaseConnection.php on line 688.
 1 SYSTEMPATH/Database/BaseBuilder.php(1644): CodeIgniter\Database\BaseConnection->query('SELECT `produk`.`id`, `produk`.`nama_produk`, `produk`.`stok`, `thumbnail`.`gambar`, `harga`.`harga`, `produk`.`deskripsi`
FROM `produk`
INNER JOIN `thumbnail` ON `thumbnail`.`id` = `produk`.`thumbnail_id`
INNER JOIN `harga` ON `harga`.`produk_id` = `produk`.`id`
ORDER BY `produk`.`id` DESC
 LIMIT 6', [], false)
 2 SYSTEMPATH/Model.php(286): CodeIgniter\Database\BaseBuilder->get()
 3 SYSTEMPATH/BaseModel.php(675): CodeIgniter\Model->doFindAll(0, 0)
 4 APPPATH/Controllers/Home.php(26): CodeIgniter\BaseModel->findAll()
 5 SYSTEMPATH/CodeIgniter.php(933): App\Controllers\Home->index()
 6 SYSTEMPATH/CodeIgniter.php(509): CodeIgniter\CodeIgniter->runController(Object(App\Controllers\Home))
 7 SYSTEMPATH/CodeIgniter.php(355): CodeIgniter\CodeIgniter->handleRequest(null, Object(Config\Cache), false)
 8 SYSTEMPATH/Boot.php(334): CodeIgniter\CodeIgniter->run()
 9 SYSTEMPATH/Boot.php(67): CodeIgniter\Boot::runCodeIgniter(Object(CodeIgniter\CodeIgniter))
10 FCPATH/index.php(56): CodeIgniter\Boot::bootWeb(Object(Config\Paths))
11 SYSTEMPATH/rewrite.php(44): require_once('/Users/andriwahidin/Documents/WebStore22/public/index.php')
CRITICAL - 2025-01-09 23:42:07 --> [Caused by] CodeIgniter\Database\Exceptions\DatabaseException: Unknown column 'produk.deskripsi' in 'field list'
in SYSTEMPATH/Database/MySQLi/Connection.php on line 317.
 1 SYSTEMPATH/Database/BaseConnection.php(734): CodeIgniter\Database\MySQLi\Connection->execute('SELECT `produk`.`id`, `produk`.`nama_produk`, `produk`.`stok`, `thumbnail`.`gambar`, `harga`.`harga`, `produk`.`deskripsi`
FROM `produk`
INNER JOIN `thumbnail` ON `thumbnail`.`id` = `produk`.`thumbnail_id`
INNER JOIN `harga` ON `harga`.`produk_id` = `produk`.`id`
ORDER BY `produk`.`id` DESC
 LIMIT 6')
 2 SYSTEMPATH/Database/BaseConnection.php(648): CodeIgniter\Database\BaseConnection->simpleQuery('SELECT `produk`.`id`, `produk`.`nama_produk`, `produk`.`stok`, `thumbnail`.`gambar`, `harga`.`harga`, `produk`.`deskripsi`
FROM `produk`
INNER JOIN `thumbnail` ON `thumbnail`.`id` = `produk`.`thumbnail_id`
INNER JOIN `harga` ON `harga`.`produk_id` = `produk`.`id`
ORDER BY `produk`.`id` DESC
 LIMIT 6')
 3 SYSTEMPATH/Database/BaseBuilder.php(1644): CodeIgniter\Database\BaseConnection->query('SELECT `produk`.`id`, `produk`.`nama_produk`, `produk`.`stok`, `thumbnail`.`gambar`, `harga`.`harga`, `produk`.`deskripsi`
FROM `produk`
INNER JOIN `thumbnail` ON `thumbnail`.`id` = `produk`.`thumbnail_id`
INNER JOIN `harga` ON `harga`.`produk_id` = `produk`.`id`
ORDER BY `produk`.`id` DESC
 LIMIT 6', [], false)
 4 SYSTEMPATH/Model.php(286): CodeIgniter\Database\BaseBuilder->get()
 5 SYSTEMPATH/BaseModel.php(675): CodeIgniter\Model->doFindAll(0, 0)
 6 APPPATH/Controllers/Home.php(26): CodeIgniter\BaseModel->findAll()
 7 SYSTEMPATH/CodeIgniter.php(933): App\Controllers\Home->index()
 8 SYSTEMPATH/CodeIgniter.php(509): CodeIgniter\CodeIgniter->runController(Object(App\Controllers\Home))
 9 SYSTEMPATH/CodeIgniter.php(355): CodeIgniter\CodeIgniter->handleRequest(null, Object(Config\Cache), false)
10 SYSTEMPATH/Boot.php(334): CodeIgniter\CodeIgniter->run()
11 SYSTEMPATH/Boot.php(67): CodeIgniter\Boot::runCodeIgniter(Object(CodeIgniter\CodeIgniter))
12 FCPATH/index.php(56): CodeIgniter\Boot::bootWeb(Object(Config\Paths))
13 SYSTEMPATH/rewrite.php(44): require_once('/Users/andriwahidin/Documents/WebStore22/public/index.php')
CRITICAL - 2025-01-09 23:42:07 --> [Caused by] mysqli_sql_exception: Unknown column 'produk.deskripsi' in 'field list'
in SYSTEMPATH/Database/MySQLi/Connection.php on line 312.
 1 SYSTEMPATH/Database/MySQLi/Connection.php(312): mysqli->query('SELECT `produk`.`id`, `produk`.`nama_produk`, `produk`.`stok`, `thumbnail`.`gambar`, `harga`.`harga`, `produk`.`deskripsi`
FROM `produk`
INNER JOIN `thumbnail` ON `thumbnail`.`id` = `produk`.`thumbnail_id`
INNER JOIN `harga` ON `harga`.`produk_id` = `produk`.`id`
ORDER BY `produk`.`id` DESC
 LIMIT 6', 0)
 2 SYSTEMPATH/Database/BaseConnection.php(734): CodeIgniter\Database\MySQLi\Connection->execute('SELECT `produk`.`id`, `produk`.`nama_produk`, `produk`.`stok`, `thumbnail`.`gambar`, `harga`.`harga`, `produk`.`deskripsi`
FROM `produk`
INNER JOIN `thumbnail` ON `thumbnail`.`id` = `produk`.`thumbnail_id`
INNER JOIN `harga` ON `harga`.`produk_id` = `produk`.`id`
ORDER BY `produk`.`id` DESC
 LIMIT 6')
 3 SYSTEMPATH/Database/BaseConnection.php(648): CodeIgniter\Database\BaseConnection->simpleQuery('SELECT `produk`.`id`, `produk`.`nama_produk`, `produk`.`stok`, `thumbnail`.`gambar`, `harga`.`harga`, `produk`.`deskripsi`
FROM `produk`
INNER JOIN `thumbnail` ON `thumbnail`.`id` = `produk`.`thumbnail_id`
INNER JOIN `harga` ON `harga`.`produk_id` = `produk`.`id`
ORDER BY `produk`.`id` DESC
 LIMIT 6')
 4 SYSTEMPATH/Database/BaseBuilder.php(1644): CodeIgniter\Database\BaseConnection->query('SELECT `produk`.`id`, `produk`.`nama_produk`, `produk`.`stok`, `thumbnail`.`gambar`, `harga`.`harga`, `produk`.`deskripsi`
FROM `produk`
INNER JOIN `thumbnail` ON `thumbnail`.`id` = `produk`.`thumbnail_id`
INNER JOIN `harga` ON `harga`.`produk_id` = `produk`.`id`
ORDER BY `produk`.`id` DESC
 LIMIT 6', [], false)
 5 SYSTEMPATH/Model.php(286): CodeIgniter\Database\BaseBuilder->get()
 6 SYSTEMPATH/BaseModel.php(675): CodeIgniter\Model->doFindAll(0, 0)
 7 APPPATH/Controllers/Home.php(26): CodeIgniter\BaseModel->findAll()
 8 SYSTEMPATH/CodeIgniter.php(933): App\Controllers\Home->index()
 9 SYSTEMPATH/CodeIgniter.php(509): CodeIgniter\CodeIgniter->runController(Object(App\Controllers\Home))
10 SYSTEMPATH/CodeIgniter.php(355): CodeIgniter\CodeIgniter->handleRequest(null, Object(Config\Cache), false)
11 SYSTEMPATH/Boot.php(334): CodeIgniter\CodeIgniter->run()
12 SYSTEMPATH/Boot.php(67): CodeIgniter\Boot::runCodeIgniter(Object(CodeIgniter\CodeIgniter))
13 FCPATH/index.php(56): CodeIgniter\Boot::bootWeb(Object(Config\Paths))
14 SYSTEMPATH/rewrite.php(44): require_once('/Users/andriwahidin/Documents/WebStore22/public/index.php')
ERROR - 2025-01-09 23:42:09 --> mysqli_sql_exception: Unknown column 'produk.deskripsi' in 'field list' in /Users/andriwahidin/Documents/WebStore22/vendor/codeigniter4/framework/system/Database/MySQLi/Connection.php:312
Stack trace:
#0 /Users/andriwahidin/Documents/WebStore22/vendor/codeigniter4/framework/system/Database/MySQLi/Connection.php(312): mysqli->query('SELECT `produk`...', 0)
#1 /Users/andriwahidin/Documents/WebStore22/vendor/codeigniter4/framework/system/Database/BaseConnection.php(734): CodeIgniter\Database\MySQLi\Connection->execute('SELECT `produk`...')
#2 /Users/andriwahidin/Documents/WebStore22/vendor/codeigniter4/framework/system/Database/BaseConnection.php(648): CodeIgniter\Database\BaseConnection->simpleQuery('SELECT `produk`...')
#3 /Users/andriwahidin/Documents/WebStore22/vendor/codeigniter4/framework/system/Database/BaseBuilder.php(1644): CodeIgniter\Database\BaseConnection->query('SELECT `produk`...', Array, false)
#4 /Users/andriwahidin/Documents/WebStore22/vendor/codeigniter4/framework/system/Model.php(286): CodeIgniter\Database\BaseBuilder->get()
#5 /Users/andriwahidin/Documents/WebStore22/vendor/codeigniter4/framework/system/BaseModel.php(675): CodeIgniter\Model->doFindAll(0, 0)
#6 /Users/andriwahidin/Documents/WebStore22/app/Controllers/Home.php(26): CodeIgniter\BaseModel->findAll()
#7 /Users/andriwahidin/Documents/WebStore22/vendor/codeigniter4/framework/system/CodeIgniter.php(933): App\Controllers\Home->index()
#8 /Users/andriwahidin/Documents/WebStore22/vendor/codeigniter4/framework/system/CodeIgniter.php(509): CodeIgniter\CodeIgniter->runController(Object(App\Controllers\Home))
#9 /Users/andriwahidin/Documents/WebStore22/vendor/codeigniter4/framework/system/CodeIgniter.php(355): CodeIgniter\CodeIgniter->handleRequest(NULL, Object(Config\Cache), false)
#10 /Users/andriwahidin/Documents/WebStore22/vendor/codeigniter4/framework/system/Boot.php(334): CodeIgniter\CodeIgniter->run()
#11 /Users/andriwahidin/Documents/WebStore22/vendor/codeigniter4/framework/system/Boot.php(67): CodeIgniter\Boot::runCodeIgniter(Object(CodeIgniter\CodeIgniter))
#12 /Users/andriwahidin/Documents/WebStore22/public/index.php(56): CodeIgniter\Boot::bootWeb(Object(Config\Paths))
#13 /Users/andriwahidin/Documents/WebStore22/vendor/codeigniter4/framework/system/rewrite.php(44): require_once('/Users/andriwah...')
#14 {main}
CRITICAL - 2025-01-09 23:42:09 --> CodeIgniter\Database\Exceptions\DatabaseException: Unknown column 'produk.deskripsi' in 'field list'
[Method: GET, Route: /]
in SYSTEMPATH/Database/BaseConnection.php on line 688.
 1 SYSTEMPATH/Database/BaseBuilder.php(1644): CodeIgniter\Database\BaseConnection->query('SELECT `produk`.`id`, `produk`.`nama_produk`, `produk`.`stok`, `thumbnail`.`gambar`, `harga`.`harga`, `produk`.`deskripsi`
FROM `produk`
INNER JOIN `thumbnail` ON `thumbnail`.`id` = `produk`.`thumbnail_id`
INNER JOIN `harga` ON `harga`.`produk_id` = `produk`.`id`
ORDER BY `produk`.`id` DESC
 LIMIT 6', [], false)
 2 SYSTEMPATH/Model.php(286): CodeIgniter\Database\BaseBuilder->get()
 3 SYSTEMPATH/BaseModel.php(675): CodeIgniter\Model->doFindAll(0, 0)
 4 APPPATH/Controllers/Home.php(26): CodeIgniter\BaseModel->findAll()
 5 SYSTEMPATH/CodeIgniter.php(933): App\Controllers\Home->index()
 6 SYSTEMPATH/CodeIgniter.php(509): CodeIgniter\CodeIgniter->runController(Object(App\Controllers\Home))
 7 SYSTEMPATH/CodeIgniter.php(355): CodeIgniter\CodeIgniter->handleRequest(null, Object(Config\Cache), false)
 8 SYSTEMPATH/Boot.php(334): CodeIgniter\CodeIgniter->run()
 9 SYSTEMPATH/Boot.php(67): CodeIgniter\Boot::runCodeIgniter(Object(CodeIgniter\CodeIgniter))
10 FCPATH/index.php(56): CodeIgniter\Boot::bootWeb(Object(Config\Paths))
11 SYSTEMPATH/rewrite.php(44): require_once('/Users/andriwahidin/Documents/WebStore22/public/index.php')
CRITICAL - 2025-01-09 23:42:09 --> [Caused by] CodeIgniter\Database\Exceptions\DatabaseException: Unknown column 'produk.deskripsi' in 'field list'
in SYSTEMPATH/Database/MySQLi/Connection.php on line 317.
 1 SYSTEMPATH/Database/BaseConnection.php(734): CodeIgniter\Database\MySQLi\Connection->execute('SELECT `produk`.`id`, `produk`.`nama_produk`, `produk`.`stok`, `thumbnail`.`gambar`, `harga`.`harga`, `produk`.`deskripsi`
FROM `produk`
INNER JOIN `thumbnail` ON `thumbnail`.`id` = `produk`.`thumbnail_id`
INNER JOIN `harga` ON `harga`.`produk_id` = `produk`.`id`
ORDER BY `produk`.`id` DESC
 LIMIT 6')
 2 SYSTEMPATH/Database/BaseConnection.php(648): CodeIgniter\Database\BaseConnection->simpleQuery('SELECT `produk`.`id`, `produk`.`nama_produk`, `produk`.`stok`, `thumbnail`.`gambar`, `harga`.`harga`, `produk`.`deskripsi`
FROM `produk`
INNER JOIN `thumbnail` ON `thumbnail`.`id` = `produk`.`thumbnail_id`
INNER JOIN `harga` ON `harga`.`produk_id` = `produk`.`id`
ORDER BY `produk`.`id` DESC
 LIMIT 6')
 3 SYSTEMPATH/Database/BaseBuilder.php(1644): CodeIgniter\Database\BaseConnection->query('SELECT `produk`.`id`, `produk`.`nama_produk`, `produk`.`stok`, `thumbnail`.`gambar`, `harga`.`harga`, `produk`.`deskripsi`
FROM `produk`
INNER JOIN `thumbnail` ON `thumbnail`.`id` = `produk`.`thumbnail_id`
INNER JOIN `harga` ON `harga`.`produk_id` = `produk`.`id`
ORDER BY `produk`.`id` DESC
 LIMIT 6', [], false)
 4 SYSTEMPATH/Model.php(286): CodeIgniter\Database\BaseBuilder->get()
 5 SYSTEMPATH/BaseModel.php(675): CodeIgniter\Model->doFindAll(0, 0)
 6 APPPATH/Controllers/Home.php(26): CodeIgniter\BaseModel->findAll()
 7 SYSTEMPATH/CodeIgniter.php(933): App\Controllers\Home->index()
 8 SYSTEMPATH/CodeIgniter.php(509): CodeIgniter\CodeIgniter->runController(Object(App\Controllers\Home))
 9 SYSTEMPATH/CodeIgniter.php(355): CodeIgniter\CodeIgniter->handleRequest(null, Object(Config\Cache), false)
10 SYSTEMPATH/Boot.php(334): CodeIgniter\CodeIgniter->run()
11 SYSTEMPATH/Boot.php(67): CodeIgniter\Boot::runCodeIgniter(Object(CodeIgniter\CodeIgniter))
12 FCPATH/index.php(56): CodeIgniter\Boot::bootWeb(Object(Config\Paths))
13 SYSTEMPATH/rewrite.php(44): require_once('/Users/andriwahidin/Documents/WebStore22/public/index.php')
CRITICAL - 2025-01-09 23:42:09 --> [Caused by] mysqli_sql_exception: Unknown column 'produk.deskripsi' in 'field list'
in SYSTEMPATH/Database/MySQLi/Connection.php on line 312.
 1 SYSTEMPATH/Database/MySQLi/Connection.php(312): mysqli->query('SELECT `produk`.`id`, `produk`.`nama_produk`, `produk`.`stok`, `thumbnail`.`gambar`, `harga`.`harga`, `produk`.`deskripsi`
FROM `produk`
INNER JOIN `thumbnail` ON `thumbnail`.`id` = `produk`.`thumbnail_id`
INNER JOIN `harga` ON `harga`.`produk_id` = `produk`.`id`
ORDER BY `produk`.`id` DESC
 LIMIT 6', 0)
 2 SYSTEMPATH/Database/BaseConnection.php(734): CodeIgniter\Database\MySQLi\Connection->execute('SELECT `produk`.`id`, `produk`.`nama_produk`, `produk`.`stok`, `thumbnail`.`gambar`, `harga`.`harga`, `produk`.`deskripsi`
FROM `produk`
INNER JOIN `thumbnail` ON `thumbnail`.`id` = `produk`.`thumbnail_id`
INNER JOIN `harga` ON `harga`.`produk_id` = `produk`.`id`
ORDER BY `produk`.`id` DESC
 LIMIT 6')
 3 SYSTEMPATH/Database/BaseConnection.php(648): CodeIgniter\Database\BaseConnection->simpleQuery('SELECT `produk`.`id`, `produk`.`nama_produk`, `produk`.`stok`, `thumbnail`.`gambar`, `harga`.`harga`, `produk`.`deskripsi`
FROM `produk`
INNER JOIN `thumbnail` ON `thumbnail`.`id` = `produk`.`thumbnail_id`
INNER JOIN `harga` ON `harga`.`produk_id` = `produk`.`id`
ORDER BY `produk`.`id` DESC
 LIMIT 6')
 4 SYSTEMPATH/Database/BaseBuilder.php(1644): CodeIgniter\Database\BaseConnection->query('SELECT `produk`.`id`, `produk`.`nama_produk`, `produk`.`stok`, `thumbnail`.`gambar`, `harga`.`harga`, `produk`.`deskripsi`
FROM `produk`
INNER JOIN `thumbnail` ON `thumbnail`.`id` = `produk`.`thumbnail_id`
INNER JOIN `harga` ON `harga`.`produk_id` = `produk`.`id`
ORDER BY `produk`.`id` DESC
 LIMIT 6', [], false)
 5 SYSTEMPATH/Model.php(286): CodeIgniter\Database\BaseBuilder->get()
 6 SYSTEMPATH/BaseModel.php(675): CodeIgniter\Model->doFindAll(0, 0)
 7 APPPATH/Controllers/Home.php(26): CodeIgniter\BaseModel->findAll()
 8 SYSTEMPATH/CodeIgniter.php(933): App\Controllers\Home->index()
 9 SYSTEMPATH/CodeIgniter.php(509): CodeIgniter\CodeIgniter->runController(Object(App\Controllers\Home))
10 SYSTEMPATH/CodeIgniter.php(355): CodeIgniter\CodeIgniter->handleRequest(null, Object(Config\Cache), false)
11 SYSTEMPATH/Boot.php(334): CodeIgniter\CodeIgniter->run()
12 SYSTEMPATH/Boot.php(67): CodeIgniter\Boot::runCodeIgniter(Object(CodeIgniter\CodeIgniter))
13 FCPATH/index.php(56): CodeIgniter\Boot::bootWeb(Object(Config\Paths))
14 SYSTEMPATH/rewrite.php(44): require_once('/Users/andriwahidin/Documents/WebStore22/public/index.php')
CRITICAL - 2025-01-09 23:53:55 --> ErrorException: Undefined array key "harga"
[Method: POST, Route: order/placeOrder]
in APPPATH/Controllers/Order.php on line 43.
 1 APPPATH/Controllers/Order.php(43): CodeIgniter\Debug\Exceptions->errorHandler(2, 'Undefined array key "harga"', '/Users/andriwahidin/Documents/WebStore22/app/Controllers/Order.php', 43)
 2 SYSTEMPATH/CodeIgniter.php(933): App\Controllers\Order->placeOrder()
 3 SYSTEMPATH/CodeIgniter.php(509): CodeIgniter\CodeIgniter->runController(Object(App\Controllers\Order))
 4 SYSTEMPATH/CodeIgniter.php(355): CodeIgniter\CodeIgniter->handleRequest(null, Object(Config\Cache), false)
 5 SYSTEMPATH/Boot.php(334): CodeIgniter\CodeIgniter->run()
 6 SYSTEMPATH/Boot.php(67): CodeIgniter\Boot::runCodeIgniter(Object(CodeIgniter\CodeIgniter))
 7 FCPATH/index.php(56): CodeIgniter\Boot::bootWeb(Object(Config\Paths))
 8 SYSTEMPATH/rewrite.php(44): require_once('/Users/andriwahidin/Documents/WebStore22/public/index.php')
