CRITICAL - 2025-01-07 03:22:41 --> CodeIgniter\View\Exceptions\ViewException: Invalid file: "customer/home.php"
[Method: GET, Route: /]
in SYSTEMPATH/Exceptions/FrameworkException.php on line 41.
 1 SYSTEMPATH/View/View.php(222): CodeIgniter\Exceptions\FrameworkException::forInvalidFile('customer/home.php')
 2 SYSTEMPATH/Common.php(1171): CodeIgniter\View\View->render('customer/home', [], true)
 3 APPPATH/Controllers/Customer.php(12): view('customer/home', [...])
 4 SYSTEMPATH/CodeIgniter.php(933): App\Controllers\Customer->index()
 5 SYSTEMPATH/CodeIgniter.php(509): CodeIgniter\CodeIgniter->runController(Object(App\Controllers\Customer))
 6 SYSTEMPATH/CodeIgniter.php(355): CodeIgniter\CodeIgniter->handleRequest(null, Object(Config\Cache), false)
 7 SYSTEMPATH/Boot.php(334): CodeIgniter\CodeIgniter->run()
 8 SYSTEMPATH/Boot.php(67): CodeIgniter\Boot::runCodeIgniter(Object(CodeIgniter\CodeIgniter))
 9 FCPATH/index.php(56): CodeIgniter\Boot::bootWeb(Object(Config\Paths))
10 SYSTEMPATH/rewrite.php(44): require_once('/Users/andriwahidin/Documents/Project/WebStore22/public/index.php')
CRITICAL - 2025-01-07 03:24:07 --> CodeIgniter\View\Exceptions\ViewException: Invalid file: "customer/home.php"
[Method: GET, Route: /]
in SYSTEMPATH/Exceptions/FrameworkException.php on line 41.
 1 SYSTEMPATH/View/View.php(222): CodeIgniter\Exceptions\FrameworkException::forInvalidFile('customer/home.php')
 2 SYSTEMPATH/Common.php(1171): CodeIgniter\View\View->render('customer/home', [], true)
 3 APPPATH/Controllers/Customer.php(12): view('customer/home', [...])
 4 SYSTEMPATH/CodeIgniter.php(933): App\Controllers\Customer->index()
 5 SYSTEMPATH/CodeIgniter.php(509): CodeIgniter\CodeIgniter->runController(Object(App\Controllers\Customer))
 6 SYSTEMPATH/CodeIgniter.php(355): CodeIgniter\CodeIgniter->handleRequest(null, Object(Config\Cache), false)
 7 SYSTEMPATH/Boot.php(334): CodeIgniter\CodeIgniter->run()
 8 SYSTEMPATH/Boot.php(67): CodeIgniter\Boot::runCodeIgniter(Object(CodeIgniter\CodeIgniter))
 9 FCPATH/index.php(56): CodeIgniter\Boot::bootWeb(Object(Config\Paths))
10 SYSTEMPATH/rewrite.php(44): require_once('/Users/andriwahidin/Documents/Project/WebStore22/public/index.php')
CRITICAL - 2025-01-07 03:24:07 --> CodeIgniter\View\Exceptions\ViewException: Invalid file: "customer/home.php"
[Method: GET, Route: /]
in SYSTEMPATH/Exceptions/FrameworkException.php on line 41.
 1 SYSTEMPATH/View/View.php(222): CodeIgniter\Exceptions\FrameworkException::forInvalidFile('customer/home.php')
 2 SYSTEMPATH/Common.php(1171): CodeIgniter\View\View->render('customer/home', [], true)
 3 APPPATH/Controllers/Customer.php(12): view('customer/home', [...])
 4 SYSTEMPATH/CodeIgniter.php(933): App\Controllers\Customer->index()
 5 SYSTEMPATH/CodeIgniter.php(509): CodeIgniter\CodeIgniter->runController(Object(App\Controllers\Customer))
 6 SYSTEMPATH/CodeIgniter.php(355): CodeIgniter\CodeIgniter->handleRequest(null, Object(Config\Cache), false)
 7 SYSTEMPATH/Boot.php(334): CodeIgniter\CodeIgniter->run()
 8 SYSTEMPATH/Boot.php(67): CodeIgniter\Boot::runCodeIgniter(Object(CodeIgniter\CodeIgniter))
 9 FCPATH/index.php(56): CodeIgniter\Boot::bootWeb(Object(Config\Paths))
10 SYSTEMPATH/rewrite.php(44): require_once('/Users/andriwahidin/Documents/Project/WebStore22/public/index.php')
CRITICAL - 2025-01-07 03:42:48 --> CodeIgniter\View\Exceptions\ViewException: Invalid file: "customer/home.php"
[Method: GET, Route: /]
in SYSTEMPATH/Exceptions/FrameworkException.php on line 41.
 1 SYSTEMPATH/View/View.php(222): CodeIgniter\Exceptions\FrameworkException::forInvalidFile('customer/home.php')
 2 SYSTEMPATH/Common.php(1171): CodeIgniter\View\View->render('customer/home', [], true)
 3 APPPATH/Controllers/Customer.php(12): view('customer/home', [...])
 4 SYSTEMPATH/CodeIgniter.php(933): App\Controllers\Customer->index()
 5 SYSTEMPATH/CodeIgniter.php(509): CodeIgniter\CodeIgniter->runController(Object(App\Controllers\Customer))
 6 SYSTEMPATH/CodeIgniter.php(355): CodeIgniter\CodeIgniter->handleRequest(null, Object(Config\Cache), false)
 7 SYSTEMPATH/Boot.php(334): CodeIgniter\CodeIgniter->run()
 8 SYSTEMPATH/Boot.php(67): CodeIgniter\Boot::runCodeIgniter(Object(CodeIgniter\CodeIgniter))
 9 FCPATH/index.php(56): CodeIgniter\Boot::bootWeb(Object(Config\Paths))
10 SYSTEMPATH/rewrite.php(44): require_once('/Users/andriwahidin/Documents/Project/WebStore22/public/index.php')
CRITICAL - 2025-01-07 03:44:37 --> CodeIgniter\View\Exceptions\ViewException: Invalid file: "customer/home.php"
[Method: GET, Route: /]
in SYSTEMPATH/Exceptions/FrameworkException.php on line 41.
 1 SYSTEMPATH/View/View.php(222): CodeIgniter\Exceptions\FrameworkException::forInvalidFile('customer/home.php')
 2 SYSTEMPATH/Common.php(1171): CodeIgniter\View\View->render('customer/home', [], true)
 3 APPPATH/Controllers/Customer.php(12): view('customer/home', [...])
 4 SYSTEMPATH/CodeIgniter.php(933): App\Controllers\Customer->index()
 5 SYSTEMPATH/CodeIgniter.php(509): CodeIgniter\CodeIgniter->runController(Object(App\Controllers\Customer))
 6 SYSTEMPATH/CodeIgniter.php(355): CodeIgniter\CodeIgniter->handleRequest(null, Object(Config\Cache), false)
 7 SYSTEMPATH/Boot.php(334): CodeIgniter\CodeIgniter->run()
 8 SYSTEMPATH/Boot.php(67): CodeIgniter\Boot::runCodeIgniter(Object(CodeIgniter\CodeIgniter))
 9 FCPATH/index.php(56): CodeIgniter\Boot::bootWeb(Object(Config\Paths))
10 SYSTEMPATH/rewrite.php(44): require_once('/Users/andriwahidin/Documents/Project/WebStore22/public/index.php')
CRITICAL - 2025-01-07 03:45:51 --> CodeIgniter\View\Exceptions\ViewException: Invalid file: "customer/home.php"
[Method: GET, Route: /]
in SYSTEMPATH/Exceptions/FrameworkException.php on line 41.
 1 SYSTEMPATH/View/View.php(222): CodeIgniter\Exceptions\FrameworkException::forInvalidFile('customer/home.php')
 2 SYSTEMPATH/Common.php(1171): CodeIgniter\View\View->render('customer/home', [], true)
 3 APPPATH/Controllers/Customer.php(12): view('customer/home', [...])
 4 SYSTEMPATH/CodeIgniter.php(933): App\Controllers\Customer->index()
 5 SYSTEMPATH/CodeIgniter.php(509): CodeIgniter\CodeIgniter->runController(Object(App\Controllers\Customer))
 6 SYSTEMPATH/CodeIgniter.php(355): CodeIgniter\CodeIgniter->handleRequest(null, Object(Config\Cache), false)
 7 SYSTEMPATH/Boot.php(334): CodeIgniter\CodeIgniter->run()
 8 SYSTEMPATH/Boot.php(67): CodeIgniter\Boot::runCodeIgniter(Object(CodeIgniter\CodeIgniter))
 9 FCPATH/index.php(56): CodeIgniter\Boot::bootWeb(Object(Config\Paths))
10 SYSTEMPATH/rewrite.php(44): require_once('/Users/andriwahidin/Documents/Project/WebStore22/public/index.php')
CRITICAL - 2025-01-07 04:01:57 --> ParseError: syntax error, unexpected identifier "vendor", expecting ")"
[Method: GET, Route: /]
in APPPATH/Views/index.php on line 109.
 1 SYSTEMPATH/View/View.php(237): CodeIgniter\View\View->CodeIgniter\View\{closure}()
 2 SYSTEMPATH/Common.php(1171): CodeIgniter\View\View->render('index', [], true)
 3 APPPATH/Config/Routes.php(35): view('index')
 4 SYSTEMPATH/CodeIgniter.php(877): CodeIgniter\Router\RouteCollection->Config\{closure}()
 5 SYSTEMPATH/CodeIgniter.php(496): CodeIgniter\CodeIgniter->startController()
 6 SYSTEMPATH/CodeIgniter.php(355): CodeIgniter\CodeIgniter->handleRequest(null, Object(Config\Cache), false)
 7 SYSTEMPATH/Boot.php(334): CodeIgniter\CodeIgniter->run()
 8 SYSTEMPATH/Boot.php(67): CodeIgniter\Boot::runCodeIgniter(Object(CodeIgniter\CodeIgniter))
 9 FCPATH/index.php(56): CodeIgniter\Boot::bootWeb(Object(Config\Paths))
10 SYSTEMPATH/rewrite.php(44): require_once('/Users/andriwahidin/Documents/Project/WebStore22/public/index.php')
